<?xml version="1.0" encoding="UTF-8"?>
<!-- Generated by org.testng.reporters.JUnitReportReporter -->
<testsuite hostname="LAPTOP-LQ9E1I6I" failures="0" tests="1" name="Com.Bfx.patient.AddPatientTestcase" time="57.280" errors="0" timestamp="2024-05-29T16:35:54 IST" skipped="0">
  <testcase classname="Com.Bfx.patient.AddPatientTestcase" name="addPatientInfo" time="57.280"/>
</testsuite> <!-- Com.Bfx.patient.AddPatientTestcase -->
