<?xml version="1.0" encoding="UTF-8"?>
<!-- Generated by org.testng.reporters.JUnitReportReporter -->
<testsuite hostname="LAPTOP-LQ9E1I6I" failures="0" tests="1" name="Com.Bfx.init.Login.Logintouser" time="10.668" errors="0" timestamp="2024-05-02T17:51:54 IST" skipped="0">
  <testcase classname="Com.Bfx.init.Login.Logintouser" name="enterCredentials" time="10.668"/>
</testsuite> <!-- Com.Bfx.init.Login.Logintouser -->
