<?xml version="1.0" encoding="UTF-8"?>
<!-- Generated by org.testng.reporters.JUnitReportReporter -->
<testsuite hostname="LAPTOP-LQ9E1I6I" failures="0" tests="1" name="Com.Bfx.patient.Edit_patient_Testcase" time="33.748" errors="0" timestamp="2024-05-28T11:52:07 IST" skipped="0">
  <testcase classname="Com.Bfx.patient.Edit_patient_Testcase" name="Editpatientpage" time="33.748"/>
</testsuite> <!-- Com.Bfx.patient.Edit_patient_Testcase -->
