<?xml version="1.0" encoding="UTF-8"?>
<!-- Generated by org.testng.reporters.JUnitReportReporter -->
<testsuite hostname="LAPTOP-LQ9E1I6I" failures="0" tests="6" name="Com.Bfx.testcase.Login.LoginTestcase" time="176.121" errors="0" timestamp="2024-06-14T11:04:38 IST" skipped="0">
  <testcase classname="Com.Bfx.testcase.Login.LoginTestcase" name="doNotEnterCredentials" time="66.049"/>
  <testcase classname="Com.Bfx.testcase.Login.LoginTestcase" name="enterInvalidCredentials" time="28.972"/>
  <testcase classname="Com.Bfx.testcase.Login.LoginTestcase" name="enterCredentials" time="6.472"/>
  <testcase classname="Com.Bfx.testcase.Login.LoginTestcase" name="verifyErrorForInvalidCredentials" time="27.629"/>
  <testcase classname="Com.Bfx.testcase.Login.LoginTestcase" name="verifyErrorForMandatoryFields" time="29.201"/>
  <testcase classname="Com.Bfx.testcase.Login.LoginTestcase" name="validatepsw" time="17.798"/>
</testsuite> <!-- Com.Bfx.testcase.Login.LoginTestcase -->
