<?xml version="1.0" encoding="UTF-8"?>
<!-- Generated by org.testng.reporters.JUnitReportReporter -->
<testsuite hostname="LAPTOP-LQ9E1I6I" failures="0" tests="1" name="Com.Bfx.BaseClass.BFXBaseclass" time="3.026" errors="0" timestamp="2024-05-02T16:43:29 IST" skipped="0">
  <testcase classname="Com.Bfx.BaseClass.BFXBaseclass" name="initialization" time="3.026"/>
</testsuite> <!-- Com.Bfx.BaseClass.BFXBaseclass -->
