<?xml version="1.0" encoding="UTF-8"?>
<!-- Generated by org.testng.reporters.JUnitReportReporter -->
<testsuite hostname="LAPTOP-LQ9E1I6I" failures="0" tests="1" name="Com.Bfx.patient.PatientTestcase" time="11.558" errors="0" timestamp="2024-06-14T13:44:06 IST" skipped="0">
  <testcase classname="Com.Bfx.patient.PatientTestcase" name="verifyPatientPage" time="11.558"/>
</testsuite> <!-- Com.Bfx.patient.PatientTestcase -->
