<?xml version="1.0" encoding="UTF-8"?>
<!-- Generated by org.testng.reporters.JUnitReportReporter -->
<testsuite hostname="LAPTOP-LQ9E1I6I" failures="0" tests="3" name="Com.Bfx.patient.EditPatientTestcase" time="127.515" errors="0" timestamp="2024-06-03T18:05:13 IST" skipped="0">
  <testcase classname="Com.Bfx.patient.EditPatientTestcase" name="VerifyNavigateToCardDetailsSection" time="52.745"/>
  <testcase classname="Com.Bfx.patient.EditPatientTestcase" name="VerifyNavigateToContactandAdressSection" time="39.389"/>
  <testcase classname="Com.Bfx.patient.EditPatientTestcase" name="VerifyNavigateToNotesSection" time="35.381"/>
</testsuite> <!-- Com.Bfx.patient.EditPatientTestcase -->
