<?xml version="1.0" encoding="UTF-8"?>
<!-- Generated by org.testng.reporters.JUnitReportReporter -->
<testsuite hostname="LAPTOP-LQ9E1I6I" failures="0" tests="1" name="Com.Bfx.patient.Add_Patient_Testcase" time="50.740" errors="0" timestamp="2024-05-24T19:12:39 IST" skipped="0">
  <testcase classname="Com.Bfx.patient.Add_Patient_Testcase" name="duplicatePatientEmail" time="50.740"/>
</testsuite> <!-- Com.Bfx.patient.Add_Patient_Testcase -->
